Arguments: 
  C:\Program Files\nodejs\node.exe C:\Users\MATT\AppData\Roaming\npm\node_modules\yarn\bin\yarn.js add easeljs tweenjs soundjs preloadjs –save

PATH: 
  C:\Program Files\Java\jdk1.8.0_161\bin;C:\Program Files\Java\jdk1.8.0_161\jre\bin;C:\ProgramData\Oracle\Java\javapath;C:\Program Files (x86)\Intel\iCLS Client\;C:\Program Files\Intel\iCLS Client\;C:\WINDOWS\system32;C:\WINDOWS;C:\WINDOWS\System32\Wbem;C:\WINDOWS\System32\WindowsPowerShell\v1.0\;C:\Program Files (x86)\Intel\Intel(R) Management Engine Components\DAL;C:\Program Files\Intel\Intel(R) Management Engine Components\DAL;C:\Program Files (x86)\Intel\Intel(R) Management Engine Components\IPT;C:\Program Files\Intel\Intel(R) Management Engine Components\IPT;C:\Program Files\Microsoft SQL Server\Client SDK\ODBC\130\Tools\Binn\;C:\Program Files (x86)\Microsoft SQL Server\140\Tools\Binn\;C:\Program Files\Microsoft SQL Server\140\Tools\Binn\;C:\Program Files\Microsoft SQL Server\140\DTS\Binn\;C:\Program Files (x86)\Microsoft SQL Server\Client SDK\ODBC\130\Tools\Binn\;C:\Program Files (x86)\Microsoft SQL Server\140\DTS\Binn\;C:\Program Files (x86)\Microsoft SQL Server\140\Tools\Binn\ManagementStudio\;C:\Program Files\dotnet\;C:\Program Files\Microsoft SQL Server\130\Tools\Binn\;C:\WINDOWS\System32\OpenSSH\;C:\Program Files\Intel\WiFi\bin\;C:\Program Files\Common Files\Intel\WirelessCommon\;C:\Program Files\nodejs\;C:\Program Files\Git\bin;C:\Users\MATT\AppData\Local\Microsoft\WindowsApps;;d:\Program Files\Microsoft VS Code\bin;C:\Users\MATT\AppData\Roaming\npm

Yarn version: 
  1.7.0

Node version: 
  8.11.3

Platform: 
  win32 x64

Trace: 
  Error: https://registry.yarnpkg.com/–save: Not found
      at Request.params.callback [as _callback] (C:\Users\MATT\AppData\Roaming\npm\node_modules\yarn\lib\cli.js:65656:18)
      at Request.self.callback (C:\Users\MATT\AppData\Roaming\npm\node_modules\yarn\lib\cli.js:134675:22)
      at emitTwo (events.js:126:13)
      at Request.emit (events.js:214:7)
      at Request.<anonymous> (C:\Users\MATT\AppData\Roaming\npm\node_modules\yarn\lib\cli.js:135658:10)
      at emitOne (events.js:116:13)
      at Request.emit (events.js:211:7)
      at IncomingMessage.<anonymous> (C:\Users\MATT\AppData\Roaming\npm\node_modules\yarn\lib\cli.js:135578:12)
      at Object.onceWrapper (events.js:313:30)
      at emitNone (events.js:111:20)

npm manifest: 
  {
    "name": "comp397-w2018-lesson3",
    "version": "0.0.1",
    "description": "",
    "main": "index.js",
    "scripts": {
      "test": "echo \"Error: no test specified\" && exit 1"
    },
  
    "dependencies": {
      "@types/preloadjs": "^0.6.32",
      "@types/soundjs": "^0.6.27",
      "@types/tweenjs": "^0.6.27",
      "easeljs": "^1.0.2",
      "preloadjs": "^1.0.1",
      "soundjs": "^1.0.1",
      "tweenjs": "^1.0.2"
    }
  }

yarn manifest: 
  No manifest

Lockfile: 
  # THIS IS AN AUTOGENERATED FILE. DO NOT EDIT THIS FILE DIRECTLY.
  # yarn lockfile v1
  
  
  "@types/createjs-lib@*":
    version "0.0.29"
    resolved "https://registry.yarnpkg.com/@types/createjs-lib/-/createjs-lib-0.0.29.tgz#fae82e3ba8606663b190e789cec7d9c728fc41d7"
  
  "@types/preloadjs@*", "@types/preloadjs@^0.6.32":
    version "0.6.32"
    resolved "https://registry.yarnpkg.com/@types/preloadjs/-/preloadjs-0.6.32.tgz#12cff7c7f92e3838a780d438ce49c8cec981830d"
    dependencies:
      "@types/createjs-lib" "*"
  
  "@types/soundjs@^0.6.27":
    version "0.6.27"
    resolved "https://registry.yarnpkg.com/@types/soundjs/-/soundjs-0.6.27.tgz#dd2370350eaf7277de5ed55940e3e7d2a016b124"
    dependencies:
      "@types/createjs-lib" "*"
      "@types/preloadjs" "*"
  
  "@types/tweenjs@^0.6.27":
    version "0.6.27"
    resolved "https://registry.yarnpkg.com/@types/tweenjs/-/tweenjs-0.6.27.tgz#8dd8acc7f4abee8f92b7692bae76d9ce8f1dd607"
    dependencies:
      "@types/createjs-lib" "*"
  
  easeljs@^1.0.2:
    version "1.0.2"
    resolved "https://registry.yarnpkg.com/easeljs/-/easeljs-1.0.2.tgz#68fdcc69d0f217394e2ebf51ae047428a81240de"
  
  preloadjs@^1.0.1:
    version "1.0.1"
    resolved "https://registry.yarnpkg.com/preloadjs/-/preloadjs-1.0.1.tgz#71d14e94a8c94b1f6def2b01891d6bcd7e788c5d"
  
  soundjs@^1.0.1:
    version "1.0.1"
    resolved "https://registry.yarnpkg.com/soundjs/-/soundjs-1.0.1.tgz#99970542d28d0df2a1ebd061ae75c961a98c8180"
  
  tweenjs@^1.0.2:
    version "1.0.2"
    resolved "https://registry.yarnpkg.com/tweenjs/-/tweenjs-1.0.2.tgz#768869c4d4ba91fdb4c5ccc661969c58138555af"
